2024-07-30T22:07:15.343Z 0: 

----------------------------------------------
2024-07-30T22:07:15.363Z 1: Discord starting: {"releaseChannel":"stable","version":"0.0.62"}, modulepath: /home/name_chell/.config/discord/0.0.62/modules
2024-07-30T22:07:15.371Z 2: ✅ webContents.created web1 ""
2024-07-30T22:07:15.382Z 3: ✅ window.created win1 "discord"
2024-07-30T22:07:15.729Z 4: ✅ webContents.did-finish-load web1
2024-07-30T22:07:26.869Z 5: ✅ webContents.created web2 ""
2024-07-30T22:07:26.943Z 6: ✅ window.created win2 "Discord"
2024-07-30T22:07:30.375Z 7: ✅ webContents.did-finish-load web2
2024-07-30T22:07:30.472Z 8: window.close win1
2024-07-30T22:07:30.585Z 9: webContents.destroyed web1
2024-07-30T22:07:30.589Z 10: window.closed win1
2024-07-31T01:09:45.883Z 0: 

----------------------------------------------
2024-07-31T01:09:45.900Z 1: Discord starting: {"releaseChannel":"stable","version":"0.0.62"}, modulepath: /home/name_chell/.config/discord/0.0.62/modules
2024-07-31T01:09:45.907Z 2: ✅ webContents.created web1 ""
2024-07-31T01:09:45.913Z 3: ✅ window.created win1 "discord"
2024-07-31T01:09:46.199Z 4: ✅ webContents.did-finish-load web1
2024-07-31T01:09:46.521Z 5: ✅ webContents.created web2 ""
2024-07-31T01:09:46.568Z 6: ✅ window.created win2 "Discord"
2024-07-31T01:10:55.768Z 0: 

----------------------------------------------
2024-07-31T01:10:55.781Z 1: Discord starting: {"releaseChannel":"stable","version":"0.0.62"}, modulepath: /home/name_chell/.config/discord/0.0.62/modules
2024-07-31T01:10:55.787Z 2: ✅ webContents.created web1 ""
2024-07-31T01:10:55.791Z 3: ✅ window.created win1 "discord"
2024-07-31T01:10:56.058Z 4: ✅ webContents.did-finish-load web1
2024-07-31T01:10:56.415Z 5: ✅ webContents.created web2 ""
2024-07-31T01:10:56.464Z 6: ✅ window.created win2 "Discord"
2024-07-31T01:11:00.462Z 7: ✅ webContents.did-finish-load web2
2024-07-31T01:11:00.561Z 8: window.close win1
2024-07-31T01:11:00.594Z 9: webContents.destroyed web1
2024-07-31T01:11:00.599Z 10: window.closed win1
2024-07-31T19:50:38.173Z 0: 

----------------------------------------------
2024-07-31T19:50:38.188Z 1: Discord starting: {"releaseChannel":"stable","version":"0.0.62"}, modulepath: /home/name_chell/.config/discord/0.0.62/modules
2024-07-31T19:50:38.194Z 2: ✅ webContents.created web1 ""
2024-07-31T19:50:38.198Z 3: ✅ window.created win1 "discord"
2024-07-31T19:50:38.486Z 4: ✅ webContents.did-finish-load web1
2024-07-31T19:50:38.840Z 5: ✅ webContents.created web2 ""
2024-07-31T19:50:38.892Z 6: ✅ window.created win2 "Discord"
2024-07-31T19:50:41.775Z 7: ✅ webContents.did-finish-load web2
2024-07-31T19:50:41.874Z 8: window.close win1
2024-07-31T19:50:41.959Z 9: webContents.destroyed web1
2024-07-31T19:50:41.965Z 10: window.closed win1
2024-07-31T21:35:50.923Z 11: window.close win2
2024-07-31T22:42:27.322Z 0: 

----------------------------------------------
2024-07-31T22:42:27.364Z 1: Discord starting: {"releaseChannel":"stable","version":"0.0.62"}, modulepath: /home/name_chell/.config/discord/0.0.62/modules
2024-07-31T22:42:27.371Z 2: ✅ webContents.created web1 ""
2024-07-31T22:42:27.376Z 3: ✅ window.created win1 "discord"
2024-07-31T22:42:28.251Z 4: ✅ webContents.did-finish-load web1
2024-07-31T22:42:51.022Z 5: ✅ webContents.created web2 ""
2024-07-31T22:49:50.979Z 12: ❌ render-process-gone { reason: 'killed', exitCode: 9 }
2024-07-31T22:49:51.020Z 13: before-quit
2024-07-31T22:49:57.933Z 0: 

----------------------------------------------
2024-07-31T22:49:57.947Z 1: Discord starting: {"releaseChannel":"stable","version":"0.0.62"}, modulepath: /home/name_chell/.config/discord/0.0.62/modules
2024-07-31T22:49:57.952Z 2: ✅ webContents.created web1 ""
2024-07-31T22:49:57.958Z 3: ✅ window.created win1 "discord"
2024-07-31T22:49:58.423Z 4: ✅ webContents.did-finish-load web1
2024-07-31T22:49:58.590Z 5: ✅ webContents.created web2 ""
2024-07-31T22:49:58.652Z 6: ✅ window.created win2 "Discord"
2024-07-31T22:50:01.400Z 7: ✅ webContents.did-finish-load web2
2024-07-31T22:50:01.695Z 8: window.close win1
2024-07-31T22:50:01.728Z 9: webContents.destroyed web1
2024-07-31T22:50:01.733Z 10: window.closed win1
2024-07-31T22:50:17.713Z 11: window.close win2
2024-07-31T23:08:26.629Z 12: before-quit
2024-07-31T23:08:26.714Z 13: window.close win2
2024-07-31T23:09:57.078Z 0: 

----------------------------------------------
2024-07-31T23:09:57.088Z 1: Discord starting: {"releaseChannel":"stable","version":"0.0.62"}, modulepath: /home/name_chell/.config/discord/0.0.62/modules
2024-07-31T23:09:57.093Z 2: ✅ webContents.created web1 ""
2024-07-31T23:09:57.098Z 3: ✅ window.created win1 "discord"
2024-07-31T23:09:57.322Z 4: ✅ webContents.did-finish-load web1
2024-07-31T23:10:03.410Z 5: ✅ webContents.created web2 ""
2024-07-31T23:10:03.449Z 6: ✅ window.created win2 "Discord"
2024-07-31T23:10:05.814Z 7: ✅ webContents.did-finish-load web2
2024-07-31T23:10:05.914Z 8: window.close win1
2024-07-31T23:10:05.925Z 9: webContents.destroyed web1
2024-07-31T23:10:05.930Z 10: window.closed win1
2024-08-01T18:32:39.661Z 0: 

----------------------------------------------
2024-08-01T18:32:39.674Z 1: Discord starting: {"releaseChannel":"stable","version":"0.0.62"}, modulepath: /home/name_chell/.config/discord/0.0.62/modules
2024-08-01T18:32:39.680Z 2: ✅ webContents.created web1 ""
2024-08-01T18:32:39.685Z 3: ✅ window.created win1 "discord"
2024-08-01T18:32:40.000Z 4: ✅ webContents.did-finish-load web1
2024-08-01T18:32:40.532Z 5: ✅ webContents.created web2 ""
2024-08-01T18:32:40.579Z 6: ✅ window.created win2 "Discord"
2024-08-01T18:32:44.075Z 7: ✅ webContents.did-finish-load web2
2024-08-01T18:32:44.174Z 8: window.close win1
2024-08-01T18:32:44.229Z 9: webContents.destroyed web1
2024-08-01T18:32:44.238Z 10: window.closed win1
