2024-08-24 02:27:37 Loading main app package /usr/lib/obsidian/obsidian.asar
2024-08-24 02:27:37 Checking for update using Github
2024-08-24 02:27:38 Success.
2024-08-24 02:27:38 Latest version is 1.6.7
2024-08-24 02:27:38 App is up to date.
2024-08-24 02:53:15 Loading main app package /usr/lib/obsidian/obsidian.asar
2024-08-24 02:53:16 Checking for update using Github
2024-08-24 02:53:16 Success.
2024-08-24 02:53:16 Latest version is 1.6.7
2024-08-24 02:53:16 App is up to date.
2024-08-28 15:06:21 Loading main app package /usr/lib/obsidian/obsidian.asar
2024-08-28 15:06:22 Checking for update using Github
2024-08-28 15:06:22 Success.
2024-08-28 15:06:22 Latest version is 1.6.7
2024-08-28 15:06:22 App is up to date.
2024-09-02 15:41:32 Loading main app package /usr/lib/obsidian/obsidian.asar
2024-09-02 15:41:32 Checking for update using Github
2024-09-02 15:41:33 Success.
2024-09-02 15:41:33 Latest version is 1.6.7
2024-09-02 15:41:33 App is up to date.
2024-09-03 13:56:29 Loading main app package /usr/lib/obsidian/obsidian.asar
2024-09-03 13:56:29 Checking for update using Github
2024-09-03 13:56:30 Success.
2024-09-03 13:56:30 Latest version is 1.6.7
2024-09-03 13:56:30 App is up to date.
2024-10-05 20:19:55 Loading main app package /usr/lib/obsidian/obsidian.asar
2024-10-05 20:19:55 Checking for update using Github
2024-10-05 20:19:55 Success.
2024-10-05 20:19:55 Latest version is 1.6.7
2024-10-05 20:19:55 App is up to date.
2024-10-12 22:12:40 Loading main app package /usr/lib/obsidian/obsidian.asar
2024-10-12 22:12:40 Checking for update using Github
2024-10-12 22:12:41 Success.
2024-10-12 22:12:41 Latest version is 1.6.7
2024-10-12 22:12:41 App is up to date.
2024-10-13 19:44:07 Loading main app package /usr/lib/obsidian/obsidian.asar
2024-10-13 19:44:07 Checking for update using Github
2024-10-13 19:44:07 Success.
2024-10-13 19:44:07 Latest version is 1.6.7
2024-10-13 19:44:07 App is up to date.
2024-10-13 19:50:32 Loading main app package /usr/lib/obsidian/obsidian.asar
2024-10-13 19:50:32 Checking for update using Github
2024-10-13 19:50:32 Success.
2024-10-13 19:50:32 Latest version is 1.6.7
2024-10-13 19:50:32 App is up to date.
2024-10-13 19:53:54 Loading main app package /usr/lib/obsidian/obsidian.asar
2024-10-13 19:53:54 Checking for update using Github
2024-10-14 17:37:03 Loading main app package /usr/lib/obsidian/obsidian.asar
2024-10-14 17:37:03 Checking for update using Github
2024-10-14 17:37:04 Success.
2024-10-14 17:37:04 Latest version is 1.6.7
2024-10-14 17:37:04 App is up to date.
2024-10-14 18:37:03 Checking for update using Github
2024-10-14 18:37:14 Success.
2024-10-14 18:37:14 Latest version is 1.6.7
2024-10-14 18:37:14 App is up to date.
2024-10-14 19:37:03 Checking for update using Github
2024-10-14 19:37:13 Success.
2024-10-14 19:37:13 Latest version is 1.6.7
2024-10-14 19:37:13 App is up to date.
2024-10-14 20:37:03 Checking for update using Github
2024-10-14 20:37:03 Failed to check for update using Github (net::ERR_INTERNET_DISCONNECTED)
2024-10-14 20:37:03 Checking for update using obsidian.md
2024-10-14 20:37:03 Failed to check for update using obsidian.md (net::ERR_INTERNET_DISCONNECTED)
2024-10-14 21:37:03 Checking for update using Github
2024-10-14 21:37:03 Success.
2024-10-14 21:37:03 Latest version is 1.6.7
2024-10-14 21:37:03 App is up to date.
2024-10-14 22:37:03 Checking for update using Github
2024-10-14 22:37:04 Success.
2024-10-14 22:37:04 Latest version is 1.6.7
2024-10-14 22:37:04 App is up to date.
2024-10-14 23:37:03 Checking for update using Github
2024-10-14 23:37:04 Success.
2024-10-14 23:37:04 Latest version is 1.6.7
2024-10-14 23:37:04 App is up to date.
2024-10-15 00:37:03 Checking for update using Github
2024-10-15 00:37:04 Success.
2024-10-15 00:37:04 Latest version is 1.6.7
2024-10-15 00:37:04 App is up to date.
2024-10-15 01:37:04 Checking for update using Github
2024-10-15 01:37:04 Success.
2024-10-15 01:37:04 Latest version is 1.6.7
2024-10-15 01:37:04 App is up to date.
2024-10-15 02:37:04 Checking for update using Github
2024-10-15 02:37:04 Success.
2024-10-15 02:37:04 Latest version is 1.6.7
2024-10-15 02:37:04 App is up to date.
2024-10-15 03:37:04 Checking for update using Github
2024-10-15 03:37:04 Success.
2024-10-15 03:37:04 Latest version is 1.6.7
2024-10-15 03:37:04 App is up to date.
2024-10-15 04:37:04 Checking for update using Github
2024-10-15 04:37:04 Success.
2024-10-15 04:37:04 Latest version is 1.6.7
2024-10-15 04:37:04 App is up to date.
2024-10-15 05:37:04 Checking for update using Github
2024-10-15 05:37:04 Success.
2024-10-15 05:37:04 Latest version is 1.6.7
2024-10-15 05:37:04 App is up to date.
2024-10-15 06:37:04 Checking for update using Github
2024-10-15 06:37:04 Success.
2024-10-15 06:37:04 Latest version is 1.6.7
2024-10-15 06:37:04 App is up to date.
2024-10-15 07:37:04 Checking for update using Github
2024-10-15 07:37:04 Success.
2024-10-15 07:37:04 Latest version is 1.6.7
2024-10-15 07:37:04 App is up to date.
2024-10-15 08:37:04 Checking for update using Github
2024-10-15 08:37:04 Success.
2024-10-15 08:37:04 Latest version is 1.6.7
2024-10-15 08:37:04 App is up to date.
2024-10-15 09:37:04 Checking for update using Github
2024-10-15 09:37:05 Success.
2024-10-15 09:37:05 Latest version is 1.6.7
2024-10-15 09:37:05 App is up to date.
2024-10-15 10:37:04 Checking for update using Github
2024-10-15 10:37:05 Success.
2024-10-15 10:37:05 Latest version is 1.6.7
2024-10-15 10:37:05 App is up to date.
2024-10-15 11:37:05 Checking for update using Github
2024-10-15 11:37:05 Success.
2024-10-15 11:37:05 Latest version is 1.6.7
2024-10-15 11:37:05 App is up to date.
2024-10-15 12:37:05 Checking for update using Github
2024-10-15 12:37:05 Success.
2024-10-15 12:37:05 Latest version is 1.6.7
2024-10-15 12:37:05 App is up to date.
2024-10-15 16:04:37 Loading main app package /usr/lib/obsidian/obsidian.asar
2024-10-15 16:04:37 Checking for update using Github
2024-10-15 16:04:37 Success.
2024-10-15 16:04:37 Latest version is 1.6.7
2024-10-15 16:04:37 App is up to date.
2024-10-15 17:04:37 Checking for update using Github
2024-10-15 17:04:37 Success.
2024-10-15 17:04:37 Latest version is 1.6.7
2024-10-15 17:04:37 App is up to date.
2024-10-15 17:31:42 Loading main app package /usr/lib/obsidian/obsidian.asar
2024-10-15 17:31:42 Checking for update using Github
2024-10-15 17:37:28 Loading main app package /usr/lib/obsidian/obsidian.asar
2024-10-15 17:37:28 Checking for update using Github
2024-10-15 17:37:28 Success.
2024-10-15 17:37:29 Latest version is 1.6.7
2024-10-15 17:37:29 App is up to date.
2024-10-15 17:40:40 Loading main app package /usr/lib/obsidian/obsidian.asar
2024-10-15 17:40:40 Checking for update using Github
2024-10-15 17:41:15 Loading main app package /usr/lib/obsidian/obsidian.asar
2024-10-15 17:41:15 Checking for update using Github
2024-10-15 17:43:52 Loading main app package /usr/lib/obsidian/obsidian.asar
2024-10-15 17:43:52 Checking for update using Github
2024-10-15 17:43:53 Success.
2024-10-15 17:43:53 Latest version is 1.6.7
2024-10-15 17:43:53 App is up to date.
2024-10-15 18:34:58 Loading main app package /usr/lib/obsidian/obsidian.asar
2024-10-15 18:34:58 Checking for update using Github
2024-10-15 18:34:58 Success.
2024-10-15 18:34:58 Latest version is 1.6.7
2024-10-15 18:34:58 App is up to date.
2024-10-15 19:34:58 Checking for update using Github
2024-10-15 19:34:58 Success.
2024-10-15 19:34:58 Latest version is 1.6.7
2024-10-15 19:34:58 App is up to date.
2024-10-15 20:34:58 Checking for update using Github
2024-10-15 20:34:58 Success.
2024-10-15 20:34:58 Latest version is 1.6.7
2024-10-15 20:34:58 App is up to date.
2024-10-15 21:34:58 Checking for update using Github
2024-10-15 21:34:58 Success.
2024-10-15 21:34:58 Latest version is 1.6.7
2024-10-15 21:34:58 App is up to date.
2024-10-15 22:27:28 Loading main app package /usr/lib/obsidian/obsidian.asar
2024-10-15 22:27:28 Checking for update using Github
2024-10-15 22:27:29 Success.
2024-10-15 22:27:29 Latest version is 1.6.7
2024-10-15 22:27:29 App is up to date.
2024-10-15 22:29:19 Loading main app package /usr/lib/obsidian/obsidian.asar
2024-10-15 22:29:19 Checking for update using Github
2024-10-15 22:29:19 Success.
2024-10-15 22:29:19 Latest version is 1.6.7
2024-10-15 22:29:19 App is up to date.
2024-10-16 16:46:55 Loading main app package /usr/lib/obsidian/obsidian.asar
2024-10-16 16:46:55 Checking for update using Github
2024-10-16 16:46:55 Success.
2024-10-16 16:46:55 Latest version is 1.6.7
2024-10-16 16:46:55 App is up to date.
2024-10-16 17:46:55 Checking for update using Github
2024-10-16 17:46:55 Success.
2024-10-16 17:46:55 Latest version is 1.6.7
2024-10-16 17:46:55 App is up to date.
2024-10-16 18:46:55 Checking for update using Github
2024-10-16 18:46:55 Success.
2024-10-16 18:46:55 Latest version is 1.6.7
2024-10-16 18:46:55 App is up to date.
2024-10-16 19:46:55 Checking for update using Github
2024-10-16 19:46:55 Success.
2024-10-16 19:46:55 Latest version is 1.6.7
2024-10-16 19:46:55 App is up to date.
2024-10-16 20:46:55 Checking for update using Github
2024-10-16 20:46:56 Success.
2024-10-16 20:46:56 Latest version is 1.7.4
2024-10-16 20:46:56 Downloading update from https://github.com/obsidianmd/obsidian-releases/releases/download/v1.7.4/obsidian-1.7.4.asar.gz
2024-10-16 20:47:26 Failed to perform update
2024-10-16 21:36:45 Loading main app package /usr/lib/obsidian/obsidian.asar
2024-10-16 21:36:45 Checking for update using Github
2024-10-16 21:36:46 Success.
2024-10-16 21:36:46 Latest version is 1.7.4
2024-10-16 21:36:46 Downloading update from https://github.com/obsidianmd/obsidian-releases/releases/download/v1.7.4/obsidian-1.7.4.asar.gz
2024-10-16 21:36:48 Loading main app package /usr/lib/obsidian/obsidian.asar
2024-10-16 21:36:49 Checking for update using Github
2024-10-16 21:46:35 Loading main app package /usr/lib/obsidian/obsidian.asar
2024-10-16 21:46:35 Loading main app package /usr/lib/obsidian/obsidian.asar
2024-10-16 21:46:35 Checking for update using Github
2024-10-16 21:46:35 Checking for update using Github
2024-10-16 21:46:35 Success.
2024-10-16 21:46:35 Latest version is 1.7.4
2024-10-16 21:46:35 Downloading update from https://github.com/obsidianmd/obsidian-releases/releases/download/v1.7.4/obsidian-1.7.4.asar.gz
2024-10-16 21:46:43 Loading main app package /usr/lib/obsidian/obsidian.asar
2024-10-16 21:46:43 Checking for update using Github
2024-10-16 21:46:43 Success.
2024-10-16 21:46:43 Latest version is 1.7.4
2024-10-16 21:46:43 Downloading update from https://github.com/obsidianmd/obsidian-releases/releases/download/v1.7.4/obsidian-1.7.4.asar.gz
2024-10-16 21:47:13 Failed to perform update
2024-10-16 21:47:18 Loading main app package /usr/lib/obsidian/obsidian.asar
2024-10-16 21:47:19 Checking for update using Github
2024-10-16 21:47:19 Success.
2024-10-16 21:47:19 Latest version is 1.7.4
2024-10-16 21:47:19 Downloading update from https://github.com/obsidianmd/obsidian-releases/releases/download/v1.7.4/obsidian-1.7.4.asar.gz
2024-10-16 21:47:45 Loading main app package /usr/lib/obsidian/obsidian.asar
2024-10-16 21:47:45 Checking for update using Github
2024-10-16 21:47:45 Success.
2024-10-16 21:47:45 Latest version is 1.7.4
2024-10-16 21:47:45 Downloading update from https://github.com/obsidianmd/obsidian-releases/releases/download/v1.7.4/obsidian-1.7.4.asar.gz
2024-10-16 21:48:15 Failed to perform update
2024-10-16 22:47:45 Checking for update using Github
2024-10-16 22:47:45 Success.
2024-10-16 22:47:45 Latest version is 1.7.4
2024-10-16 22:47:45 Downloading update from https://github.com/obsidianmd/obsidian-releases/releases/download/v1.7.4/obsidian-1.7.4.asar.gz
2024-10-16 22:47:48 Verifying hash & signature. Size= 8056043
2024-10-16 22:47:48 Saving file
2024-10-16 22:47:48 Update complete.
2024-10-16 23:47:45 Checking for update using Github
2024-10-16 23:47:45 Success.
2024-10-16 23:47:45 Latest version is 1.7.4
2024-10-16 23:47:45 An update is already downloaded.
2024-10-17 00:47:45 Checking for update using Github
2024-10-17 00:47:45 Success.
2024-10-17 00:47:45 Latest version is 1.7.4
2024-10-17 00:47:45 An update is already downloaded.
2024-10-17 21:10:26 Loading updated app package /home/name_chell/.config/obsidian/obsidian-1.7.4.asar
2024-10-17 21:10:26 Checking for update using Github
2024-10-17 21:10:27 Success.
2024-10-17 21:10:27 Latest version is 1.7.4
2024-10-17 21:10:27 App is up to date.
2024-10-17 22:10:26 Checking for update using Github
2024-10-17 22:10:27 Success.
2024-10-17 22:10:27 Latest version is 1.7.4
2024-10-17 22:10:27 App is up to date.
2024-10-17 23:00:35 Loading updated app package /home/name_chell/.config/obsidian/obsidian-1.7.4.asar
2024-10-17 23:00:35 Checking for update using Github
2024-10-17 23:00:36 Success.
2024-10-17 23:00:36 Latest version is 1.7.4
2024-10-17 23:00:36 App is up to date.
2024-10-18 00:00:35 Checking for update using Github
2024-10-18 00:00:35 Success.
2024-10-18 00:00:35 Latest version is 1.7.4
2024-10-18 00:00:35 App is up to date.
2024-10-18 00:11:11 Loading updated app package /home/name_chell/.config/obsidian/obsidian-1.7.4.asar
2024-10-18 00:11:11 Checking for update using Github
2024-10-18 00:11:12 Success.
2024-10-18 00:11:12 Latest version is 1.7.4
2024-10-18 00:11:12 App is up to date.
2024-10-18 00:17:11 Loading updated app package /home/name_chell/.config/obsidian/obsidian-1.7.4.asar
2024-10-18 00:17:11 Checking for update using Github
2024-10-18 00:17:12 Success.
2024-10-18 00:17:12 Latest version is 1.7.4
2024-10-18 00:17:12 App is up to date.
2024-10-18 01:17:11 Checking for update using Github
2024-10-18 01:17:12 Success.
2024-10-18 01:17:12 Latest version is 1.7.4
2024-10-18 01:17:12 App is up to date.
2024-10-18 01:28:03 Loading updated app package /home/name_chell/.config/obsidian/obsidian-1.7.4.asar
2024-10-18 01:28:03 Checking for update using Github
2024-10-18 01:28:04 Success.
2024-10-18 01:28:04 Latest version is 1.7.4
2024-10-18 01:28:04 App is up to date.
2024-10-18 01:29:27 Loading updated app package /home/name_chell/.config/obsidian/obsidian-1.7.4.asar
2024-10-18 01:29:28 Checking for update using Github
2024-10-18 01:29:28 Success.
2024-10-18 01:29:28 Latest version is 1.7.4
2024-10-18 01:29:28 App is up to date.
2024-10-18 21:25:14 Loading updated app package /home/name_chell/.config/obsidian/obsidian-1.7.4.asar
2024-10-18 21:25:14 Checking for update using Github
2024-10-18 21:25:14 Failed to check for update using Github (net::ERR_INTERNET_DISCONNECTED)
2024-10-18 21:25:14 Checking for update using obsidian.md
2024-10-18 21:25:14 Failed to check for update using obsidian.md (net::ERR_INTERNET_DISCONNECTED)
2024-10-18 21:38:03 Loading updated app package /home/name_chell/.config/obsidian/obsidian-1.7.4.asar
2024-10-18 21:38:03 Checking for update using Github
2024-10-18 21:38:03 Failed to check for update using Github (net::ERR_INTERNET_DISCONNECTED)
2024-10-18 21:38:03 Checking for update using obsidian.md
2024-10-18 21:38:03 Failed to check for update using obsidian.md (net::ERR_INTERNET_DISCONNECTED)
2024-10-20 18:16:03 Loading updated app package /home/name_chell/.config/obsidian/obsidian-1.7.4.asar
2024-10-20 18:16:03 Checking for update using Github
2024-10-20 18:16:03 Success.
2024-10-20 18:16:03 Latest version is 1.7.4
2024-10-20 18:16:03 App is up to date.
2024-10-20 19:16:03 Checking for update using Github
2024-10-20 19:16:03 Success.
2024-10-20 19:16:03 Latest version is 1.7.4
2024-10-20 19:16:03 App is up to date.
2024-10-20 20:16:03 Checking for update using Github
2024-10-20 20:16:03 Success.
2024-10-20 20:16:03 Latest version is 1.7.4
2024-10-20 20:16:03 App is up to date.
2024-10-20 21:16:03 Checking for update using Github
2024-10-20 21:16:03 Success.
2024-10-20 21:16:03 Latest version is 1.7.4
2024-10-20 21:16:03 App is up to date.
2024-10-20 22:16:03 Checking for update using Github
2024-10-20 22:16:03 Success.
2024-10-20 22:16:03 Latest version is 1.7.4
2024-10-20 22:16:03 App is up to date.
2024-10-20 23:16:03 Checking for update using Github
2024-10-20 23:16:03 Success.
2024-10-20 23:16:03 Latest version is 1.7.4
2024-10-20 23:16:03 App is up to date.
2024-10-21 00:16:03 Checking for update using Github
2024-10-21 00:16:03 Success.
2024-10-21 00:16:03 Latest version is 1.7.4
2024-10-21 00:16:03 App is up to date.
2024-10-21 01:16:03 Checking for update using Github
2024-10-21 01:16:03 Success.
2024-10-21 01:16:03 Latest version is 1.7.4
2024-10-21 01:16:03 App is up to date.
2024-10-21 02:16:03 Checking for update using Github
2024-10-21 02:16:04 Success.
2024-10-21 02:16:04 Latest version is 1.7.4
2024-10-21 02:16:04 App is up to date.
2024-10-21 03:16:03 Checking for update using Github
2024-10-21 03:16:04 Success.
2024-10-21 03:16:04 Latest version is 1.7.4
2024-10-21 03:16:04 App is up to date.
2024-10-21 04:16:03 Checking for update using Github
2024-10-21 04:16:04 Success.
2024-10-21 04:16:04 Latest version is 1.7.4
2024-10-21 04:16:04 App is up to date.
2024-10-21 05:16:03 Checking for update using Github
2024-10-21 05:16:04 Success.
2024-10-21 05:16:04 Latest version is 1.7.4
2024-10-21 05:16:04 App is up to date.
2024-10-21 06:16:03 Checking for update using Github
2024-10-21 06:16:04 Success.
2024-10-21 06:16:04 Latest version is 1.7.4
2024-10-21 06:16:04 App is up to date.
2024-10-21 07:16:03 Checking for update using Github
2024-10-21 07:16:04 Success.
2024-10-21 07:16:04 Latest version is 1.7.4
2024-10-21 07:16:04 App is up to date.
2024-10-21 08:16:04 Checking for update using Github
2024-10-21 08:16:04 Success.
2024-10-21 08:16:04 Latest version is 1.7.4
2024-10-21 08:16:04 App is up to date.
2024-10-21 09:16:04 Checking for update using Github
2024-10-21 09:16:04 Success.
2024-10-21 09:16:04 Latest version is 1.7.4
2024-10-21 09:16:04 App is up to date.
2024-10-21 10:16:04 Checking for update using Github
2024-10-21 10:16:04 Success.
2024-10-21 10:16:04 Latest version is 1.7.4
2024-10-21 10:16:04 App is up to date.
2024-10-21 11:16:04 Checking for update using Github
2024-10-21 11:16:04 Success.
2024-10-21 11:16:04 Latest version is 1.7.4
2024-10-21 11:16:04 App is up to date.
2024-10-21 12:16:04 Checking for update using Github
2024-10-21 12:16:04 Success.
2024-10-21 12:16:04 Latest version is 1.7.4
2024-10-21 12:16:04 App is up to date.
2024-10-21 13:16:04 Checking for update using Github
2024-10-21 13:16:04 Success.
2024-10-21 13:16:04 Latest version is 1.7.4
2024-10-21 13:16:04 App is up to date.
2024-10-21 14:16:04 Checking for update using Github
2024-10-21 14:16:04 Success.
2024-10-21 14:16:04 Latest version is 1.7.4
2024-10-21 14:16:04 App is up to date.
2024-10-21 15:16:04 Checking for update using Github
2024-10-21 15:16:04 Success.
2024-10-21 15:16:04 Latest version is 1.7.4
2024-10-21 15:16:04 App is up to date.
2024-10-22 16:56:20 Loading updated app package /home/name_chell/.config/obsidian/obsidian-1.7.4.asar
2024-10-22 16:56:21 Checking for update using Github
2024-10-22 16:56:22 Success.
2024-10-22 16:56:22 Latest version is 1.7.4
2024-10-22 16:56:22 App is up to date.
2024-10-22 16:57:24 Loading updated app package /home/name_chell/.config/obsidian/obsidian-1.7.4.asar
2024-10-22 16:57:24 Checking for update using Github
2024-10-22 16:57:24 Success.
2024-10-22 16:57:24 Latest version is 1.7.4
2024-10-22 16:57:24 App is up to date.
2024-10-22 17:02:18 Loading updated app package /home/name_chell/.config/obsidian/obsidian-1.7.4.asar
2024-10-22 17:02:18 Checking for update using Github
2024-10-22 17:57:24 Checking for update using Github
2024-10-22 17:57:24 Success.
2024-10-22 17:57:24 Latest version is 1.7.4
2024-10-22 17:57:24 App is up to date.
2024-10-22 18:57:24 Checking for update using Github
2024-10-22 18:57:24 Success.
2024-10-22 18:57:24 Latest version is 1.7.4
2024-10-22 18:57:24 App is up to date.
2024-10-22 19:57:24 Checking for update using Github
2024-10-22 19:57:24 Success.
2024-10-22 19:57:24 Latest version is 1.7.4
2024-10-22 19:57:24 App is up to date.
2024-10-22 20:57:24 Checking for update using Github
2024-10-22 20:57:25 Success.
2024-10-22 20:57:25 Latest version is 1.7.4
2024-10-22 20:57:25 App is up to date.
2024-10-23 23:02:38 Loading updated app package /home/name_chell/.config/obsidian/obsidian-1.7.4.asar
2024-10-23 23:02:38 Checking for update using Github
2024-10-23 23:02:40 Success.
2024-10-23 23:02:40 Latest version is 1.7.4
2024-10-23 23:02:40 App is up to date.
2024-10-24 00:02:38 Checking for update using Github
2024-10-24 00:02:49 Success.
2024-10-24 00:02:49 Latest version is 1.7.4
2024-10-24 00:02:49 App is up to date.
2024-10-26 00:11:00 Loading updated app package /home/name_chell/.config/obsidian/obsidian-1.7.4.asar
2024-10-26 00:11:00 Checking for update using Github
2024-10-26 00:11:00 Success.
2024-10-26 00:11:00 Latest version is 1.7.4
2024-10-26 00:11:00 App is up to date.
2024-10-26 00:12:39 Loading updated app package /home/name_chell/.config/obsidian/obsidian-1.7.4.asar
2024-10-26 00:12:39 Checking for update using Github
2024-10-26 00:12:39 Success.
2024-10-26 00:12:39 Latest version is 1.7.4
2024-10-26 00:12:39 App is up to date.
