2024-06-25T23:15:44.291Z 0: 

----------------------------------------------
2024-06-25T23:15:44.313Z 1: Discord starting: {"releaseChannel":"stable","version":"0.0.58"}, modulepath: /home/name_chell/.config/discord/0.0.58/modules
2024-06-25T23:15:44.320Z 2: ✅ webContents.created web1 ""
2024-06-25T23:15:44.330Z 3: ✅ window.created win1 "discord"
2024-06-25T23:15:44.603Z 4: ✅ webContents.did-finish-load web1
2024-06-25T23:15:51.435Z 5: ✅ webContents.created web2 ""
2024-06-25T23:15:51.480Z 6: ✅ window.created win2 "Discord"
2024-06-25T23:15:53.354Z 7: ✅ webContents.did-finish-load web2
2024-06-25T23:15:53.451Z 8: window.close win1
2024-06-25T23:15:53.487Z 9: webContents.destroyed web1
2024-06-25T23:15:53.491Z 10: window.closed win1
2024-06-26T01:41:01.365Z 11: before-quit
2024-06-26T13:28:05.120Z 0: 

----------------------------------------------
2024-06-26T13:28:05.128Z 1: Discord starting: {"releaseChannel":"stable","version":"0.0.58"}, modulepath: /home/name_chell/.config/discord/0.0.58/modules
2024-06-26T13:28:05.139Z 2: ✅ webContents.created web1 ""
2024-06-26T13:28:05.140Z 3: ✅ window.created win1 "discord"
2024-06-26T13:28:05.377Z 4: ✅ webContents.did-finish-load web1
2024-06-26T13:28:05.834Z 5: ✅ webContents.created web2 ""
2024-06-26T13:28:05.865Z 6: ✅ window.created win2 "Discord"
2024-06-26T13:28:08.273Z 7: ✅ webContents.did-finish-load web2
2024-06-26T13:28:08.372Z 8: window.close win1
2024-06-26T13:28:08.403Z 9: webContents.destroyed web1
2024-06-26T13:28:08.404Z 10: window.closed win1
2024-06-26T13:28:16.444Z 11: window.close win2
2024-06-26T13:28:47.946Z 0: 

----------------------------------------------
2024-06-26T13:28:47.961Z 1: Discord starting: {"releaseChannel":"stable","version":"0.0.58"}, modulepath: /home/name_chell/.config/discord/0.0.58/modules
2024-06-26T13:28:53.817Z 0: 

----------------------------------------------
2024-06-26T13:28:53.825Z 1: Discord starting: {"releaseChannel":"stable","version":"0.0.58"}, modulepath: /home/name_chell/.config/discord/0.0.58/modules
2024-06-26T13:28:53.836Z 2: ✅ webContents.created web1 ""
2024-06-26T13:28:53.837Z 3: ✅ window.created win1 "discord"
2024-06-26T13:28:53.998Z 4: ✅ webContents.did-finish-load web1
2024-06-26T13:28:54.344Z 5: ✅ webContents.created web2 ""
2024-06-26T13:28:54.379Z 6: ✅ window.created win2 "Discord"
2024-06-26T13:28:56.532Z 7: ✅ webContents.did-finish-load web2
2024-06-26T13:28:56.632Z 8: window.close win1
2024-06-26T13:28:56.648Z 9: webContents.destroyed web1
2024-06-26T13:28:56.649Z 10: window.closed win1
2024-06-26T21:14:54.205Z 0: 

----------------------------------------------
2024-06-26T21:14:54.218Z 1: Discord starting: {"releaseChannel":"stable","version":"0.0.58"}, modulepath: /home/name_chell/.config/discord/0.0.58/modules
2024-06-26T21:14:54.242Z 2: ✅ webContents.created web1 ""
2024-06-26T21:14:54.243Z 3: ✅ window.created win1 "discord"
2024-06-26T21:14:54.631Z 4: ✅ webContents.did-finish-load web1
2024-06-26T21:14:55.016Z 5: ✅ webContents.created web2 ""
2024-06-26T21:14:55.070Z 6: ✅ window.created win2 "Discord"
2024-06-26T21:14:59.067Z 7: ✅ webContents.did-finish-load web2
2024-06-26T21:14:59.167Z 8: window.close win1
2024-06-26T21:14:59.174Z 9: webContents.destroyed web1
2024-06-26T21:14:59.175Z 10: window.closed win1
2024-06-28T11:58:45.854Z 0: 

----------------------------------------------
2024-06-28T11:58:45.867Z 1: Discord starting: {"releaseChannel":"stable","version":"0.0.58"}, modulepath: /home/name_chell/.config/discord/0.0.58/modules
2024-06-28T11:58:45.887Z 2: ✅ webContents.created web1 ""
2024-06-28T11:58:45.892Z 3: ✅ window.created win1 "discord"
2024-06-28T11:58:46.184Z 4: ✅ webContents.did-finish-load web1
